c:\users\2409424\desktop\github\gameproject\game - コピー\3dactiongame\x64\debug\vc143.pdb
c:\users\2409424\desktop\github\gameproject\game - コピー\3dactiongame\x64\debug\vc143.idb
c:\users\2409424\desktop\github\gameproject\game - コピー\3dactiongame\x64\debug\collision.obj
c:\users\2409424\desktop\github\gameproject\game - コピー\3dactiongame\x64\debug\frame.obj
c:\users\2409424\desktop\github\gameproject\game - コピー\3dactiongame\x64\debug\fade.obj
c:\users\2409424\desktop\github\gameproject\game - コピー\3dactiongame\x64\debug\soundmanager.obj
c:\users\2409424\desktop\github\gameproject\game - コピー\3dactiongame\x64\debug\shotmanager.obj
c:\users\2409424\desktop\github\gameproject\game - コピー\3dactiongame\x64\debug\shot.obj
c:\users\2409424\desktop\github\gameproject\game - コピー\3dactiongame\x64\debug\scenetitle.obj
c:\users\2409424\desktop\github\gameproject\game - コピー\3dactiongame\x64\debug\scenegameover.obj
c:\users\2409424\desktop\github\gameproject\game - コピー\3dactiongame\x64\debug\scenemanager.obj
c:\users\2409424\desktop\github\gameproject\game - コピー\3dactiongame\x64\debug\scenegameclear.obj
c:\users\2409424\desktop\github\gameproject\game - コピー\3dactiongame\x64\debug\scenegame.obj
c:\users\2409424\desktop\github\gameproject\game - コピー\3dactiongame\x64\debug\player.obj
c:\users\2409424\desktop\github\gameproject\game - コピー\3dactiongame\x64\debug\goal.obj
c:\users\2409424\desktop\github\gameproject\game - コピー\3dactiongame\x64\debug\field.obj
c:\users\2409424\desktop\github\gameproject\game - コピー\3dactiongame\x64\debug\enemymanager.obj
c:\users\2409424\desktop\github\gameproject\game - コピー\3dactiongame\x64\debug\enemy.obj
c:\users\2409424\desktop\github\gameproject\game - コピー\3dactiongame\x64\debug\collisionmanager.obj
c:\users\2409424\desktop\github\gameproject\game - コピー\3dactiongame\x64\debug\playcamera.obj
c:\users\2409424\desktop\github\gameproject\game - コピー\3dactiongame\x64\debug\debugcamera.obj
c:\users\2409424\desktop\github\gameproject\game - コピー\3dactiongame\x64\debug\cameramanager.obj
c:\users\2409424\desktop\github\gameproject\game - コピー\3dactiongame\x64\debug\main.obj
c:\users\2409424\desktop\github\gameproject\game - コピー\x64\debug\3dactiongame.exe
c:\users\2409424\desktop\github\gameproject\game - コピー\x64\debug\3dactiongame.pdb
c:\users\2409424\desktop\github\gameproject\game - コピー\3dactiongame\x64\debug\3dactiongame.ilk
c:\users\2409424\desktop\github\gameproject\game - コピー\3dactiongame\x64\debug\3dactiongame.tlog\cl.command.1.tlog
c:\users\2409424\desktop\github\gameproject\game - コピー\3dactiongame\x64\debug\3dactiongame.tlog\cl.items.tlog
c:\users\2409424\desktop\github\gameproject\game - コピー\3dactiongame\x64\debug\3dactiongame.tlog\cl.read.1.tlog
c:\users\2409424\desktop\github\gameproject\game - コピー\3dactiongame\x64\debug\3dactiongame.tlog\cl.write.1.tlog
c:\users\2409424\desktop\github\gameproject\game - コピー\3dactiongame\x64\debug\3dactiongame.tlog\link.command.1.tlog
c:\users\2409424\desktop\github\gameproject\game - コピー\3dactiongame\x64\debug\3dactiongame.tlog\link.read.1.tlog
c:\users\2409424\desktop\github\gameproject\game - コピー\3dactiongame\x64\debug\3dactiongame.tlog\link.secondary.1.tlog
c:\users\2409424\desktop\github\gameproject\game - コピー\3dactiongame\x64\debug\3dactiongame.tlog\link.write.1.tlog
